#
# There is insufficient memory for the Java Runtime Environment to continue.
# Native memory allocation (malloc) failed to allocate 48368 bytes for Chunk::new
# Possible reasons:
#   The system is out of physical RAM or swap space
#   In 32 bit mode, the process size limit was hit
# Possible solutions:
#   Reduce memory load on the system
#   Increase physical memory or swap space
#   Check if swap backing store is full
#   Use 64 bit Java on a 64 bit OS
#   Decrease Java heap size (-Xmx/-Xms)
#   Decrease number of Java threads
#   Decrease Java thread stack sizes (-Xss)
#   Set larger code cache with -XX:ReservedCodeCacheSize=
# This output file may be truncated or incomplete.
#
#  Out of Memory Error (allocation.cpp:390), pid=20004, tid=20848
#
# JRE version: Java(TM) SE Runtime Environment (8.0_91-b15) (build 1.8.0_91-b15)
# Java VM: Java HotSpot(TM) 64-Bit Server VM (25.91-b15 mixed mode windows-amd64 compressed oops)
# Failed to write core dump. Minidumps are not enabled by default on client versions of Windows
#

---------------  T H R E A D  ---------------

Current thread (0x0000000002d70800):  JavaThread "main" [_thread_in_native, id=20848, stack(0x0000000002b80000,0x0000000002c80000)]

Stack: [0x0000000002b80000,0x0000000002c80000]
[error occurred during error reporting (printing stack bounds), id 0xc0000005]

Native frames: (J=compiled Java code, j=interpreted, Vv=VM code, C=native code)

Java frames: (J=compiled Java code, j=interpreted, Vv=VM code)
j  javax.swing.UIManager.setLookAndFeel(Ljava/lang/String;)V+9
j  javax.swing.UIManager.initializeDefaultLAF(Ljava/util/Properties;)V+55
j  javax.swing.UIManager.initialize()V+9
j  javax.swing.UIManager.maybeInitialize()V+22
j  javax.swing.UIManager.getUI(Ljavax/swing/JComponent;)Ljavax/swing/plaf/ComponentUI;+0
j  javax.swing.JPanel.updateUI()V+2
j  javax.swing.JPanel.<init>(Ljava/awt/LayoutManager;Z)V+24
j  javax.swing.JPanel.<init>(Z)V+9
j  javax.swing.JPanel.<init>()V+2
j  javax.swing.JRootPane.createGlassPane()Ljava/awt/Component;+4
j  javax.swing.JRootPane.<init>()V+11
j  javax.swing.JFrame.createRootPane()Ljavax/swing/JRootPane;+4
j  javax.swing.JFrame.frameInit()V+16
j  javax.swing.JFrame.<init>()V+20
j  BookOfIllusions.<init>()V+9
j  BookOfIllusions.main([Ljava/lang/String;)V+4
v  ~StubRoutines::call_stub

---------------  P R O C E S S  ---------------

Java Threads: ( => current thread )
  0x000000001b922000 JavaThread "AWT-Windows" daemon [_thread_in_native, id=22596, stack(0x000000001c1c0000,0x000000001c2c0000)]
  0x000000001b91e000 JavaThread "AWT-Shutdown" [_thread_blocked, id=5904, stack(0x000000001c0c0000,0x000000001c1c0000)]
  0x000000001b91b800 JavaThread "Java2D Disposer" daemon [_thread_blocked, id=2736, stack(0x000000001bee0000,0x000000001bfe0000)]
  0x000000001b5bd000 JavaThread "Service Thread" daemon [_thread_blocked, id=22260, stack(0x000000001bbb0000,0x000000001bcb0000)]
  0x000000001b5b8800 JavaThread "C1 CompilerThread2" daemon [_thread_blocked, id=22224, stack(0x000000001bab0000,0x000000001bbb0000)]
  0x0000000019ec6000 JavaThread "C2 CompilerThread1" daemon [_thread_blocked, id=22172, stack(0x000000001b9b0000,0x000000001bab0000)]
  0x0000000019e6d000 JavaThread "C2 CompilerThread0" daemon [_thread_blocked, id=22120, stack(0x000000001b4b0000,0x000000001b5b0000)]
  0x0000000019e6b000 JavaThread "Attach Listener" daemon [_thread_blocked, id=22116, stack(0x000000001b3b0000,0x000000001b4b0000)]
  0x0000000019e69800 JavaThread "Signal Dispatcher" daemon [_thread_blocked, id=22112, stack(0x000000001b2b0000,0x000000001b3b0000)]
  0x0000000019e5a800 JavaThread "Finalizer" daemon [_thread_blocked, id=22072, stack(0x000000001b0c0000,0x000000001b1c0000)]
  0x0000000002e5f000 JavaThread "Reference Handler" daemon [_thread_blocked, id=22068, stack(0x000000001afc0000,0x000000001b0c0000)]
=>0x0000000002d70800 JavaThread "main" [_thread_in_native, id=20848, stack(0x0000000002b80000,0x0000000002c80000)]

Other Threads:
  0x0000000019e37800 VMThread [stack: 0x000000001aec0000,0x000000001afc0000] [id=21964]
  0x000000001b5c1000 WatcherThread [stack: 0x000000001bcb0000,0x000000001bdb0000] [id=22308]

VM state:not at safepoint (normal execution)

VM Mutex/Monitor currently owned by a thread: None

Heap:
 PSYoungGen      total 56832K, used 4915K [0x0000000780d80000, 0x0000000784c80000, 0x00000007c0000000)
  eden space 49152K, 10% used [0x0000000780d80000,0x000000078124cd40,0x0000000783d80000)
  from space 7680K, 0% used [0x0000000784500000,0x0000000784500000,0x0000000784c80000)
  to   space 7680K, 0% used [0x0000000783d80000,0x0000000783d80000,0x0000000784500000)
 ParOldGen       total 130048K, used 0K [0x0000000702800000, 0x000000070a700000, 0x0000000780d80000)
  object space 130048K, 0% used [0x0000000702800000,0x0000000702800000,0x000000070a700000)
 Metaspace       used 5961K, capacity 6080K, committed 6144K, reserved 1060864K
  class space    used 687K, capacity 729K, committed 768K, reserved 1048576K

Card table byte_map: [0x0000000012230000,0x0000000012820000] byte_map_base: 0x000000000ea1c000

Marking Bits: (ParMarkBitMap*) 0x000000006c7f2f70
 Begin Bits: [0x0000000013020000, 0x0000000015f80000)
 End Bits:   [0x0000000015f80000, 0x0000000018ee0000)

Polling page: 0x0000000000df0000

CodeCache: size=245760Kb used=1607Kb max_used=1607Kb free=244152Kb
 bounds [0x0000000002e70000, 0x00000000030e0000, 0x0000000011e70000]
 total_blobs=604 nmethods=262 adapters=255
 compilation: enabled

Compilation events (10 events):
Event: 3.487 Thread 0x000000001b5b8800  257       3       java.util.HashMap::get (23 bytes)
Event: 3.487 Thread 0x000000001b5b8800 nmethod 257 0x0000000002fff610 code [0x0000000002fff7a0, 0x0000000002fffbb8]
Event: 3.487 Thread 0x000000001b5b8800  260       3       java.util.IdentityHashMap$IdentityHashMapIterator::hasNext (50 bytes)
Event: 3.488 Thread 0x000000001b5b8800 nmethod 260 0x0000000002fffd10 code [0x0000000002fffe80, 0x0000000003000110]
Event: 3.488 Thread 0x000000001b5b8800  259       1       java.util.concurrent.atomic.AtomicInteger::get (5 bytes)
Event: 3.488 Thread 0x000000001b5b8800 nmethod 259 0x0000000003000210 code [0x0000000003000360, 0x0000000003000470]
Event: 3.488 Thread 0x000000001b5b8800  261       3       sun.awt.AppContext::getAppContext (51 bytes)
Event: 3.488 Thread 0x000000001b5b8800 nmethod 261 0x00000000030004d0 code [0x0000000003000680, 0x0000000003000cf8]
Event: 3.489 Thread 0x000000001b5b8800  262       3       java.io.WinNTFileSystem::normalize (143 bytes)
Event: 3.490 Thread 0x000000001b5b8800 nmethod 262 0x0000000003000e90 code [0x0000000003001080, 0x00000000030018a8]

GC Heap History (0 events):
No events

Deoptimization events (0 events):
No events

Internal exceptions (10 events):
Event: 0.856 Thread 0x0000000002d70800 Exception <a 'java/lang/NoSuchMethodError': Method sun.misc.Unsafe.defineClass(Ljava/lang/String;[BII)Ljava/lang/Class; name or signature does not match> (0x0000000780d87cc0) thrown at [C:\re\workspace\8-2-build-windows-amd64-cygwin\jdk8u91\7017\hotspot\sr -…∂dÎ?
Event: 0.856 Thread 0x0000000002d70800 Exception <a 'java/lang/NoSuchMethodError': Method sun.misc.Unsafe.prefetchRead(Ljava/lang/Object;J)V name or signature does not match> (0x0000000780d87fa8) thrown at [C:\re\workspace\8-2-build-windows-amd64-cygwin\jdk8u91\7017\hotspot\src\share\vm\prims\jÅºÑ∏“J¸?
Event: 1.768 Thread 0x0000000002d70800 Exception <a 'java/security/PrivilegedActionException'> (0x0000000780e0ac40) thrown at [C:\re\workspace\8-2-build-windows-amd64-cygwin\jdk8u91\7017\hotspot\src\share\vm\prims\jvm.cpp, line 1386]
Event: 1.768 Thread 0x0000000002d70800 Exception <a 'java/security/PrivilegedActionException'> (0x0000000780e0ae50) thrown at [C:\re\workspace\8-2-build-windows-amd64-cygwin\jdk8u91\7017\hotspot\src\share\vm\prims\jvm.cpp, line 1386]
Event: 1.769 Thread 0x0000000002d70800 Exception <a 'java/security/PrivilegedActionException'> (0x0000000780e0e9f8) thrown at [C:\re\workspace\8-2-build-windows-amd64-cygwin\jdk8u91\7017\hotspot\src\share\vm\prims\jvm.cpp, line 1386]
Event: 1.769 Thread 0x0000000002d70800 Exception <a 'java/security/PrivilegedActionException'> (0x0000000780e0ec08) thrown at [C:\re\workspace\8-2-build-windows-amd64-cygwin\jdk8u91\7017\hotspot\src\share\vm\prims\jvm.cpp, line 1386]
Event: 1.949 Thread 0x0000000002d70800 Exception <a 'java/io/FileNotFoundException'> (0x0000000780e111c0) thrown at [C:\re\workspace\8-2-build-windows-amd64-cygwin\jdk8u91\7017\hotspot\src\share\vm\prims\jni.cpp, line 709]
Event: 2.304 Thread 0x0000000002d70800 Exception <a 'java/lang/NoSuchFieldError': method resolution failed> (0x0000000780fd5360) thrown at [C:\re\workspace\8-2-build-windows-amd64-cygwin\jdk8u91\7017\hotspot\src\share\vm\prims\methodHandles.cpp, line 1146]
Event: 2.307 Thread 0x0000000002d70800 Exception <a 'java/lang/NoSuchFieldError': method resolution failed> (0x0000000780fe2730) thrown at [C:\re\workspace\8-2-build-windows-amd64-cygwin\jdk8u91\7017\hotspot\src\share\vm\prims\methodHandles.cpp, line 1146]
Event: 3.019 Thread 0x0000000002d70800 Exception <a 'java/io/FileNotFoundException'> (0x0000000781076b80) thrown at [C:\re\workspace\8-2-build-windows-amd64-cygwin\jdk8u91\7017\hotspot\src\share\vm\prims\jni.cpp, line 709]

Events (10 events):
Event: 3.488 loading class javax/swing/UIManager$LAFState
Event: 3.488 loading class javax/swing/UIManager$LAFState done
Event: 3.488 loading class javax/swing/UIDefaults
Event: 3.489 loading class javax/swing/UIDefaults done
Event: 3.489 loading class javax/swing/MultiUIDefaults
Event: 3.489 loading class javax/swing/MultiUIDefaults done
Event: 3.489 loading class javax/swing/UIManager$1
Event: 3.489 loading class javax/swing/UIManager$1 done
Event: 3.489 loading class javax/swing/plaf/metal/MetalLookAndFeel
Event: 3.490 loading class javax/swing/plaf/basic/BasicLookAndFeel


Dynamic libraries:
0x00007ff612180000 - 0x00007ff6121b7000 	C:\Program Files\Java\jre1.8.0_91\bin\javaw.exe
0x00007ffac2440000 - 0x00007ffac2611000 	C:\WINDOWS\SYSTEM32\ntdll.dll
0x00007ffabfa70000 - 0x00007ffabfb1b000 	C:\WINDOWS\System32\KERNEL32.DLL
0x00007ffabe930000 - 0x00007ffabeb4d000 	C:\WINDOWS\System32\KERNELBASE.dll
0x00007ffac20e0000 - 0x00007ffac2182000 	C:\WINDOWS\System32\ADVAPI32.dll
0x00007ffac00e0000 - 0x00007ffac017e000 	C:\WINDOWS\System32\msvcrt.dll
0x00007ffac2190000 - 0x00007ffac21e9000 	C:\WINDOWS\System32\sechost.dll
0x00007ffabffb0000 - 0x00007ffac00d1000 	C:\WINDOWS\System32\RPCRT4.dll
0x00007ffac1a10000 - 0x00007ffac1b75000 	C:\WINDOWS\System32\USER32.dll
0x00007ffabeef0000 - 0x00007ffabef0e000 	C:\WINDOWS\System32\win32u.dll
0x00007ffac1690000 - 0x00007ffac16c4000 	C:\WINDOWS\System32\GDI32.dll
0x00007ffabebb0000 - 0x00007ffabed32000 	C:\WINDOWS\System32\gdi32full.dll
0x00007ffab8da0000 - 0x00007ffab9019000 	C:\WINDOWS\WinSxS\amd64_microsoft.windows.common-controls_6595b64144ccf1df_6.0.14393.447_none_42191651c6827bb3\COMCTL32.dll
0x00007ffabfb20000 - 0x00007ffabfde8000 	C:\WINDOWS\System32\combase.dll
0x00007ffabed40000 - 0x00007ffabee35000 	C:\WINDOWS\System32\ucrtbase.dll
0x00007ffabf960000 - 0x00007ffabf9ca000 	C:\WINDOWS\System32\bcryptPrimitives.dll
0x00007ffac16d0000 - 0x00007ffac16fe000 	C:\WINDOWS\System32\IMM32.DLL
0x000000006bc80000 - 0x000000006bd52000 	C:\Program Files\Java\jre1.8.0_91\bin\msvcr100.dll
0x000000006bfe0000 - 0x000000006c873000 	C:\Program Files\Java\jre1.8.0_91\bin\server\jvm.dll
0x00007ffac23a0000 - 0x00007ffac23a8000 	C:\WINDOWS\System32\PSAPI.DLL
0x00007ffabbde0000 - 0x00007ffabbde9000 	C:\WINDOWS\SYSTEM32\WSOCK32.dll
0x00007ffac23b0000 - 0x00007ffac241a000 	C:\WINDOWS\System32\WS2_32.dll
0x00007ffabc910000 - 0x00007ffabc933000 	C:\WINDOWS\SYSTEM32\WINMM.dll
0x00007ffaba180000 - 0x00007ffaba18a000 	C:\WINDOWS\SYSTEM32\VERSION.dll
0x00007ffabc8e0000 - 0x00007ffabc90b000 	C:\WINDOWS\SYSTEM32\WINMMBASE.dll
0x00007ffabf190000 - 0x00007ffabf1d2000 	C:\WINDOWS\System32\cfgmgr32.dll
0x000000006bfd0000 - 0x000000006bfdf000 	C:\Program Files\Java\jre1.8.0_91\bin\verify.dll
0x000000006bfa0000 - 0x000000006bfc9000 	C:\Program Files\Java\jre1.8.0_91\bin\java.dll
0x000000006bf80000 - 0x000000006bf96000 	C:\Program Files\Java\jre1.8.0_91\bin\zip.dll
0x00007ffac0180000 - 0x00007ffac1689000 	C:\WINDOWS\System32\SHELL32.dll
0x00007ffabf1e0000 - 0x00007ffabf8ba000 	C:\WINDOWS\System32\windows.storage.dll
0x00007ffabe8b0000 - 0x00007ffabe8fc000 	C:\WINDOWS\System32\powrprof.dll
0x00007ffac1fb0000 - 0x00007ffac2002000 	C:\WINDOWS\System32\shlwapi.dll
0x00007ffabe8a0000 - 0x00007ffabe8af000 	C:\WINDOWS\System32\kernel.appcore.dll
0x00007ffabee40000 - 0x00007ffabeee9000 	C:\WINDOWS\System32\shcore.dll
0x00007ffabe900000 - 0x00007ffabe914000 	C:\WINDOWS\System32\profapi.dll
0x000000006bae0000 - 0x000000006bc78000 	C:\Program Files\Java\jre1.8.0_91\bin\awt.dll
0x00007ffabfdf0000 - 0x00007ffabfeaf000 	C:\WINDOWS\System32\OLEAUT32.dll
0x00007ffabf8c0000 - 0x00007ffabf95c000 	C:\WINDOWS\System32\msvcp_win.dll
0x00007ffabce50000 - 0x00007ffabceca000 	C:\WINDOWS\SYSTEM32\apphelp.dll
0x00007ffabb4f0000 - 0x00007ffabb516000 	C:\WINDOWS\system32\DWMAPI.DLL
0x00007ffabd030000 - 0x00007ffabd0c5000 	C:\WINDOWS\system32\uxtheme.dll
0x00007ffac1700000 - 0x00007ffac185b000 	C:\WINDOWS\System32\MSCTF.dll
0x00007ffaa9bf0000 - 0x00007ffaa9c88000 	C:\Program Files\Common Files\microsoft shared\ink\tiptsf.dll
0x00007ffac1860000 - 0x00007ffac1997000 	C:\WINDOWS\System32\ole32.dll

VM Arguments:
jvm_args: -Dfile.encoding=Cp1252 
java_command: BookOfIllusions
java_class_path (initial): C:\Users\Gavin Morris\workspace\Level 1\bin;C:\Users\Gavin Morris\Downloads\Tortoise.jar;C:\Users\Gavin Morris\Downloads\robot.jar
Launcher Type: SUN_STANDARD

Environment Variables:
PATH=C:/Program Files/Java/jre1.8.0_91/bin/server;C:/Program Files/Java/jre1.8.0_91/bin;C:/Program Files/Java/jre1.8.0_91/lib/amd64;C:\ProgramData\Oracle\Java\javapath;C:\Program Files (x86)\Intel\iCLS Client\;C:\Program Files\Intel\iCLS Client\;C:\windows\system32;C:\windows;C:\windows\System32\Wbem;C:\windows\System32\WindowsPowerShell\v1.0\;C:\Program Files (x86)\Intel\Intel(R) Management Engine Components\DAL;C:\Program Files\Intel\Intel(R) Management Engine Components\DAL;C:\Program Files (x86)\Intel\Intel(R) Management Engine Components\IPT;C:\Program Files\Intel\Intel(R) Management Engine Components\IPT;C:\Program Files (x86)\NVIDIA Corporation\PhysX\Common;C:\Program Files\Intel\IntelSGXPSW\bin\x64\Release\;C:\Program Files\Intel\IntelSGXPSW\bin\win32\Release\;C:\WINDOWS\system32;C:\WINDOWS;C:\WINDOWS\System32\Wbem;C:\WINDOWS\System32\WindowsPowerShell\v1.0\;C:\Program Files (x86)\QuickTime\QTSystem\;C:\Program Files\Intel\WiFi\bin\;C:\Program Files\Common Files\Intel\WirelessCommon\;C:\Users\Gavin Morris\AppData\Local\Microsoft\WindowsApps;;C:\Users\Gavin Morris\Downloads\eclipse-java-mars-R-win32-x86_64\eclipse;
USERNAME=Gavin Morris
OS=Windows_NT
PROCESSOR_IDENTIFIER=Intel64 Family 6 Model 78 Stepping 3, GenuineIntel



---------------  S Y S T E M  ---------------

OS: Windows 10.0 , 64 bit Build 14393 (10.0.14393.0)

CPU:total 4 (2 cores per cpu, 2 threads per core) family 6 model 78 stepping 3, cmov, cx8, fxsr, mmx, sse, sse2, sse3, ssse3, sse4.1, sse4.2, popcnt, avx, avx2, aes, clmul, erms, 3dnowpref, lzcnt, ht, tsc, tscinvbit, bmi1, bmi2, adx

Memory: 4k page, physical 12417888k(1831756k free), swap 50166624k(512k free)

vm_info: Java HotSpot(TM) 64-Bit Server VM (25.91-b15) for windows-amd64 JRE (1.8.0_91-b15), built on May 20 2016 17:43:15 by "java_re" with MS VC++ 10.0 (VS2010)

time: Sat Jan 28 14:27:22 2017
elapsed time: 3 seconds (0d 0h 0m 3s)

