#
# A fatal error has been detected by the Java Runtime Environment:
#
#  EXCEPTION_STACK_OVERFLOW (0xc00000fd) at pc=0x000000006c1f2177, pid=19724, tid=22684
#
# JRE version: Java(TM) SE Runtime Environment (8.0_91-b15) (build 1.8.0_91-b15)
# Java VM: Java HotSpot(TM) 64-Bit Server VM (25.91-b15 mixed mode windows-amd64 compressed oops)
# Problematic frame:
# V  [jvm.dll+0x212177]
#
# Failed to write core dump. Minidumps are not enabled by default on client versions of Windows
#
# If you would like to submit a bug report, please visit:
#   http://bugreport.java.com/bugreport/crash.jsp
#

---------------  T H R E A D  ---------------

Current thread (0x000000001b493000):  JavaThread "AWT-Shutdown" [_thread_in_vm, id=22684, stack(0x000000001bb20000,0x000000001bc20000)]

siginfo: ExceptionCode=0xc00000fd, ExceptionInformation=0x0000000000000001 0x000000001bc1d6c0 

Registers:
RAX=0x000000001bc1d6c0, RBX=0x0000000000000003, RCX=0x0000000000002000, RDX=0x0000000000000006
RSP=0x000000001bc1f6c0, RBP=0x0000000000000000, RSI=0x000000001bc1f6c0, RDI=0x0000000000000003
R8 =0x0000000000000006, R9 =0x000000001b4a02d0, R10=0x0000000018fcb840, R11=0x000000001bb2a148
R12=0x000000001b4a02d0, R13=0x000000001b493000, R14=0x000000001bc1f788, R15=0x0000000018fcb840
RIP=0x000000006c1f2177, EFLAGS=0x0000000000010206

Top of Stack: (sp=0x000000001bc1f6c0)
0x000000001bc1f6c0:   000034fb1cf2b8ba 000000006bcd4e7e
0x000000001bc1f6d0:   000000001b493000 000000001b4a02d0
0x000000001bc1f6e0:   00000000ffffffff 000000006c1f30a7
0x000000001bc1f6f0:   000000001bc1f7f0 0000000018fcb840
0x000000001bc1f700:   000000001b493000 000000006c09f913
0x000000001bc1f710:   000000001bc1f750 000000001b493000
0x000000001bc1f720:   000000001bc1f7e0 000000001b493000
0x000000001bc1f730:   0000000018fcb840 000000001b493000
0x000000001bc1f740:   0000000002953200 000000001b493000
0x000000001bc1f750:   0000000018fcb840 000000001b493000
0x000000001bc1f760:   0000000018fcb840 000000001b493000
0x000000001bc1f770:   0000000000000001 0000000018fcb840
0x000000001bc1f780:   000000001b493000 000000001b4e79a0
0x000000001bc1f790:   000000001b493000 000000006c0a0dfd
0x000000001bc1f7a0:   000000001bc1faa8 00000007c00069a0
0x000000001bc1f7b0:   00000007c00069a0 0000000000000001 

Instructions: (pc=0x000000006c1f2177)
0x000000006c1f2157:   48 89 6c 24 30 33 ed 66 90 e8 db 37 08 00 ff c3
0x000000006c1f2167:   48 63 c8 48 8b c6 48 0f af cf 48 ff c7 48 2b c1
0x000000006c1f2177:   89 28 48 63 c3 48 3b 05 1d b5 58 00 7e db 48 8b
0x000000006c1f2187:   6c 24 30 48 8b 5c 24 38 48 8b 74 24 40 48 83 c4 


Register to memory mapping:

RAX=0x000000001bc1d6c0 is pointing into the stack for thread: 0x000000001b493000
RBX=0x0000000000000003 is an unknown value
RCX=0x0000000000002000 is an unknown value
RDX=0x0000000000000006 is an unknown value
RSP=0x000000001bc1f6c0 is pointing into the stack for thread: 0x000000001b493000
RBP=0x0000000000000000 is an unknown value
RSI=0x000000001bc1f6c0 is pointing into the stack for thread: 0x000000001b493000
RDI=0x0000000000000003 is an unknown value
R8 =0x0000000000000006 is an unknown value
R9 =0x000000001b4a02d0 is an unknown value
R10={method} {0x0000000018fcb848} 'run' '()V' in 'java/lang/Thread'
R11=0x000000001bb2a148 is pointing into the stack for thread: 0x000000001b493000
R12=0x000000001b4a02d0 is an unknown value
R13=0x000000001b493000 is a thread
R14=0x000000001bc1f788 is pointing into the stack for thread: 0x000000001b493000
R15={method} {0x0000000018fcb848} 'run' '()V' in 'java/lang/Thread'


Stack: [0x000000001bb20000,0x000000001bc20000],  sp=0x000000001bc1f6c0,  free space=1021k
Native frames: (J=compiled Java code, j=interpreted, Vv=VM code, C=native code)


---------------  P R O C E S S  ---------------

Java Threads: ( => current thread )
=>0x000000001b493000 JavaThread "AWT-Shutdown" [_thread_in_vm, id=22684, stack(0x000000001bb20000,0x000000001bc20000)]
  0x000000001b48e800 JavaThread "Java2D Disposer" daemon [_thread_blocked, id=22680, stack(0x000000001b9b0000,0x000000001bab0000)]
  0x000000001b186000 JavaThread "Service Thread" daemon [_thread_blocked, id=22128, stack(0x000000001b680000,0x000000001b780000)]
  0x000000001999d000 JavaThread "C1 CompilerThread2" daemon [_thread_blocked, id=21988, stack(0x000000001b580000,0x000000001b680000)]
  0x000000001999a000 JavaThread "C2 CompilerThread1" daemon [_thread_blocked, id=21824, stack(0x000000001b080000,0x000000001b180000)]
  0x000000001993e000 JavaThread "C2 CompilerThread0" daemon [_thread_blocked, id=21688, stack(0x000000001af80000,0x000000001b080000)]
  0x000000001993c000 JavaThread "Attach Listener" daemon [_thread_blocked, id=21684, stack(0x000000001ae80000,0x000000001af80000)]
  0x000000001993b000 JavaThread "Signal Dispatcher" daemon [_thread_blocked, id=21680, stack(0x000000001ad80000,0x000000001ae80000)]
  0x000000000289c000 JavaThread "Finalizer" daemon [_thread_blocked, id=20912, stack(0x000000001ab90000,0x000000001ac90000)]
  0x0000000002891000 JavaThread "Reference Handler" daemon [_thread_blocked, id=20908, stack(0x000000001aa90000,0x000000001ab90000)]
  0x00000000027a0800 JavaThread "main" [_thread_blocked, id=20608, stack(0x0000000002690000,0x0000000002790000)]

Other Threads:
  0x0000000019907800 VMThread [stack: 0x000000001a990000,0x000000001aa90000] [id=20752]
  0x000000001b18a800 WatcherThread [stack: 0x000000001b780000,0x000000001b880000] [id=22320]

VM state:not at safepoint (normal execution)

VM Mutex/Monitor currently owned by a thread: None

Heap:
 PSYoungGen      total 56832K, used 3932K [0x0000000780d80000, 0x0000000784c80000, 0x00000007c0000000)
  eden space 49152K, 8% used [0x0000000780d80000,0x00000007811571d0,0x0000000783d80000)
  from space 7680K, 0% used [0x0000000784500000,0x0000000784500000,0x0000000784c80000)
  to   space 7680K, 0% used [0x0000000783d80000,0x0000000783d80000,0x0000000784500000)
 ParOldGen       total 130048K, used 0K [0x0000000702800000, 0x000000070a700000, 0x0000000780d80000)
  object space 130048K, 0% used [0x0000000702800000,0x0000000702800000,0x000000070a700000)
 Metaspace       used 5329K, capacity 5420K, committed 5632K, reserved 1056768K
  class space    used 612K, capacity 659K, committed 768K, reserved 1048576K

Card table byte_map: [0x0000000011d00000,0x00000000122f0000] byte_map_base: 0x000000000e4ec000

Marking Bits: (ParMarkBitMap*) 0x000000006c7f2f70
 Begin Bits: [0x0000000012af0000, 0x0000000015a50000)
 End Bits:   [0x0000000015a50000, 0x00000000189b0000)

Polling page: 0x0000000000bf0000

CodeCache: size=245760Kb used=1576Kb max_used=1576Kb free=244183Kb
 bounds [0x0000000002940000, 0x0000000002bb0000, 0x0000000011940000]
 total_blobs=570 nmethods=243 adapters=240
 compilation: enabled

Compilation events (10 events):
Event: 3.109 Thread 0x000000001999d000  239       3       java.util.HashMap::putVal (300 bytes)
Event: 3.110 Thread 0x000000001999d000 nmethod 239 0x0000000002ac1890 code [0x0000000002ac1b00, 0x0000000002ac2df8]
Event: 3.110 Thread 0x000000001999d000  240       3       java.util.HashMap::put (13 bytes)
Event: 3.110 Thread 0x000000001999d000 nmethod 240 0x0000000002abf9d0 code [0x0000000002abfb60, 0x0000000002abff18]
Event: 3.110 Thread 0x000000001999d000  241       3       java.util.HashMap$Node::<init> (26 bytes)
Event: 3.111 Thread 0x000000001999d000 nmethod 241 0x0000000002abf590 code [0x0000000002abf6e0, 0x0000000002abf8f0]
Event: 3.679 Thread 0x000000001999d000  243       3       jdk.internal.org.objectweb.asm.ByteVector::enlarge (51 bytes)
Event: 3.679 Thread 0x000000001999d000 nmethod 243 0x0000000002ac9b90 code [0x0000000002ac9d00, 0x0000000002aca028]
Event: 3.679 Thread 0x000000001999d000  242  s    1       java.util.Vector::size (5 bytes)
Event: 3.679 Thread 0x000000001999d000 nmethod 242 0x0000000002aca110 code [0x0000000002aca260, 0x0000000002aca4d0]

GC Heap History (0 events):
No events

Deoptimization events (0 events):
No events

Internal exceptions (10 events):
Event: 0.175 Thread 0x00000000027a0800 Exception <a 'java/lang/NoSuchMethodError': Method sun.misc.Unsafe.defineClass(Ljava/lang/String;[BII)Ljava/lang/Class; name or signature does not match> (0x0000000780d87cc0) thrown at [C:\re\workspace\8-2-build-windows-amd64-cygwin\jdk8u91\7017\hotspot\sr¸CVÂaÆ?
Event: 0.175 Thread 0x00000000027a0800 Exception <a 'java/lang/NoSuchMethodError': Method sun.misc.Unsafe.prefetchRead(Ljava/lang/Object;J)V name or signature does not match> (0x0000000780d87fa8) thrown at [C:\re\workspace\8-2-build-windows-amd64-cygwin\jdk8u91\7017\hotspot\src\share\vm\prims\j—ÚžVS¨@
Event: 2.207 Thread 0x00000000027a0800 Exception <a 'java/security/PrivilegedActionException'> (0x0000000780e0ac40) thrown at [C:\re\workspace\8-2-build-windows-amd64-cygwin\jdk8u91\7017\hotspot\src\share\vm\prims\jvm.cpp, line 1386]
Event: 2.207 Thread 0x00000000027a0800 Exception <a 'java/security/PrivilegedActionException'> (0x0000000780e0ae50) thrown at [C:\re\workspace\8-2-build-windows-amd64-cygwin\jdk8u91\7017\hotspot\src\share\vm\prims\jvm.cpp, line 1386]
Event: 2.208 Thread 0x00000000027a0800 Exception <a 'java/security/PrivilegedActionException'> (0x0000000780e0e9f8) thrown at [C:\re\workspace\8-2-build-windows-amd64-cygwin\jdk8u91\7017\hotspot\src\share\vm\prims\jvm.cpp, line 1386]
Event: 2.208 Thread 0x00000000027a0800 Exception <a 'java/security/PrivilegedActionException'> (0x0000000780e0ec08) thrown at [C:\re\workspace\8-2-build-windows-amd64-cygwin\jdk8u91\7017\hotspot\src\share\vm\prims\jvm.cpp, line 1386]
Event: 2.217 Thread 0x00000000027a0800 Exception <a 'java/io/FileNotFoundException'> (0x0000000780e111c0) thrown at [C:\re\workspace\8-2-build-windows-amd64-cygwin\jdk8u91\7017\hotspot\src\share\vm\prims\jni.cpp, line 709]
Event: 2.785 Thread 0x00000000027a0800 Exception <a 'java/lang/NoSuchFieldError': method resolution failed> (0x0000000780fd5360) thrown at [C:\re\workspace\8-2-build-windows-amd64-cygwin\jdk8u91\7017\hotspot\src\share\vm\prims\methodHandles.cpp, line 1146]
Event: 2.787 Thread 0x00000000027a0800 Exception <a 'java/lang/NoSuchFieldError': method resolution failed> (0x0000000780fe2700) thrown at [C:\re\workspace\8-2-build-windows-amd64-cygwin\jdk8u91\7017\hotspot\src\share\vm\prims\methodHandles.cpp, line 1146]
Event: 3.676 Thread 0x00000000027a0800 Exception <a 'java/io/FileNotFoundException'> (0x0000000781076b38) thrown at [C:\re\workspace\8-2-build-windows-amd64-cygwin\jdk8u91\7017\hotspot\src\share\vm\prims\jni.cpp, line 709]

Events (10 events):
Event: 3.678 loading class sun/java2d/Disposer
Event: 3.678 loading class sun/java2d/Disposer done
Event: 3.678 loading class sun/java2d/Disposer$1
Event: 3.678 loading class sun/java2d/Disposer$1 done
Event: 3.679 loading class sun/misc/ThreadGroupUtils
Event: 3.679 loading class sun/misc/ThreadGroupUtils done
Event: 3.679 Thread 0x000000001b48e800 Thread added: 0x000000001b48e800
Event: 3.679 loading class sun/awt/AWTAutoShutdown
Event: 3.679 loading class sun/awt/AWTAutoShutdown done
Event: 3.679 Thread 0x000000001b493000 Thread added: 0x000000001b493000


Dynamic libraries:
0x00007ff612180000 - 0x00007ff6121b7000 	C:\Program Files\Java\jre1.8.0_91\bin\javaw.exe
0x00007ffac2440000 - 0x00007ffac2611000 	C:\WINDOWS\SYSTEM32\ntdll.dll
0x00007ffabfa70000 - 0x00007ffabfb1b000 	C:\WINDOWS\System32\KERNEL32.DLL
0x00007ffabe930000 - 0x00007ffabeb4d000 	C:\WINDOWS\System32\KERNELBASE.dll
0x00007ffac20e0000 - 0x00007ffac2182000 	C:\WINDOWS\System32\ADVAPI32.dll
0x00007ffac00e0000 - 0x00007ffac017e000 	C:\WINDOWS\System32\msvcrt.dll
0x00007ffac2190000 - 0x00007ffac21e9000 	C:\WINDOWS\System32\sechost.dll
0x00007ffabffb0000 - 0x00007ffac00d1000 	C:\WINDOWS\System32\RPCRT4.dll
0x00007ffac1a10000 - 0x00007ffac1b75000 	C:\WINDOWS\System32\USER32.dll
0x00007ffabeef0000 - 0x00007ffabef0e000 	C:\WINDOWS\System32\win32u.dll
0x00007ffac1690000 - 0x00007ffac16c4000 	C:\WINDOWS\System32\GDI32.dll
0x00007ffabebb0000 - 0x00007ffabed32000 	C:\WINDOWS\System32\gdi32full.dll
0x00007ffab8da0000 - 0x00007ffab9019000 	C:\WINDOWS\WinSxS\amd64_microsoft.windows.common-controls_6595b64144ccf1df_6.0.14393.447_none_42191651c6827bb3\COMCTL32.dll
0x00007ffabfb20000 - 0x00007ffabfde8000 	C:\WINDOWS\System32\combase.dll
0x00007ffabed40000 - 0x00007ffabee35000 	C:\WINDOWS\System32\ucrtbase.dll
0x00007ffabf960000 - 0x00007ffabf9ca000 	C:\WINDOWS\System32\bcryptPrimitives.dll
0x00007ffac16d0000 - 0x00007ffac16fe000 	C:\WINDOWS\System32\IMM32.DLL
0x000000006bc80000 - 0x000000006bd52000 	C:\Program Files\Java\jre1.8.0_91\bin\msvcr100.dll
0x000000006bfe0000 - 0x000000006c873000 	C:\Program Files\Java\jre1.8.0_91\bin\server\jvm.dll
0x00007ffac23a0000 - 0x00007ffac23a8000 	C:\WINDOWS\System32\PSAPI.DLL
0x00007ffabbde0000 - 0x00007ffabbde9000 	C:\WINDOWS\SYSTEM32\WSOCK32.dll
0x00007ffac23b0000 - 0x00007ffac241a000 	C:\WINDOWS\System32\WS2_32.dll
0x00007ffabc910000 - 0x00007ffabc933000 	C:\WINDOWS\SYSTEM32\WINMM.dll
0x00007ffaba180000 - 0x00007ffaba18a000 	C:\WINDOWS\SYSTEM32\VERSION.dll
0x00007ffabc8e0000 - 0x00007ffabc90b000 	C:\WINDOWS\SYSTEM32\WINMMBASE.dll
0x00007ffabf190000 - 0x00007ffabf1d2000 	C:\WINDOWS\System32\cfgmgr32.dll
0x000000006bfd0000 - 0x000000006bfdf000 	C:\Program Files\Java\jre1.8.0_91\bin\verify.dll
0x000000006bfa0000 - 0x000000006bfc9000 	C:\Program Files\Java\jre1.8.0_91\bin\java.dll
0x000000006bf80000 - 0x000000006bf96000 	C:\Program Files\Java\jre1.8.0_91\bin\zip.dll
0x00007ffac0180000 - 0x00007ffac1689000 	C:\WINDOWS\System32\SHELL32.dll
0x00007ffabf1e0000 - 0x00007ffabf8ba000 	C:\WINDOWS\System32\windows.storage.dll
0x00007ffabe8b0000 - 0x00007ffabe8fc000 	C:\WINDOWS\System32\powrprof.dll
0x00007ffac1fb0000 - 0x00007ffac2002000 	C:\WINDOWS\System32\shlwapi.dll
0x00007ffabe8a0000 - 0x00007ffabe8af000 	C:\WINDOWS\System32\kernel.appcore.dll
0x00007ffabee40000 - 0x00007ffabeee9000 	C:\WINDOWS\System32\shcore.dll
0x00007ffabe900000 - 0x00007ffabe914000 	C:\WINDOWS\System32\profapi.dll
0x000000006bae0000 - 0x000000006bc78000 	C:\Program Files\Java\jre1.8.0_91\bin\awt.dll
0x00007ffabfdf0000 - 0x00007ffabfeaf000 	C:\WINDOWS\System32\OLEAUT32.dll
0x00007ffabf8c0000 - 0x00007ffabf95c000 	C:\WINDOWS\System32\msvcp_win.dll
0x00007ffabce50000 - 0x00007ffabceca000 	C:\WINDOWS\SYSTEM32\apphelp.dll
0x00007ffabb4f0000 - 0x00007ffabb516000 	C:\WINDOWS\system32\DWMAPI.DLL
0x00007ffabd030000 - 0x00007ffabd0c5000 	C:\WINDOWS\system32\uxtheme.dll

VM Arguments:
jvm_args: -Dfile.encoding=Cp1252 
java_command: BookOfIllusions
java_class_path (initial): C:\Users\Gavin Morris\workspace\Level 1\bin;C:\Users\Gavin Morris\Downloads\Tortoise.jar;C:\Users\Gavin Morris\Downloads\robot.jar
Launcher Type: SUN_STANDARD

Environment Variables:
PATH=C:/Program Files/Java/jre1.8.0_91/bin/server;C:/Program Files/Java/jre1.8.0_91/bin;C:/Program Files/Java/jre1.8.0_91/lib/amd64;C:\ProgramData\Oracle\Java\javapath;C:\Program Files (x86)\Intel\iCLS Client\;C:\Program Files\Intel\iCLS Client\;C:\windows\system32;C:\windows;C:\windows\System32\Wbem;C:\windows\System32\WindowsPowerShell\v1.0\;C:\Program Files (x86)\Intel\Intel(R) Management Engine Components\DAL;C:\Program Files\Intel\Intel(R) Management Engine Components\DAL;C:\Program Files (x86)\Intel\Intel(R) Management Engine Components\IPT;C:\Program Files\Intel\Intel(R) Management Engine Components\IPT;C:\Program Files (x86)\NVIDIA Corporation\PhysX\Common;C:\Program Files\Intel\IntelSGXPSW\bin\x64\Release\;C:\Program Files\Intel\IntelSGXPSW\bin\win32\Release\;C:\WINDOWS\system32;C:\WINDOWS;C:\WINDOWS\System32\Wbem;C:\WINDOWS\System32\WindowsPowerShell\v1.0\;C:\Program Files (x86)\QuickTime\QTSystem\;C:\Program Files\Intel\WiFi\bin\;C:\Program Files\Common Files\Intel\WirelessCommon\;C:\Users\Gavin Morris\AppData\Local\Microsoft\WindowsApps;;C:\Users\Gavin Morris\Downloads\eclipse-java-mars-R-win32-x86_64\eclipse;
USERNAME=Gavin Morris
OS=Windows_NT
PROCESSOR_IDENTIFIER=Intel64 Family 6 Model 78 Stepping 3, GenuineIntel



---------------  S Y S T E M  ---------------

OS: Windows 10.0 , 64 bit Build 14393 (10.0.14393.0)

CPU:total 4 (2 cores per cpu, 2 threads per core) family 6 model 78 stepping 3, cmov, cx8, fxsr, mmx, sse, sse2, sse3, ssse3, sse4.1, sse4.2, popcnt, avx, avx2, aes, clmul, erms, 3dnowpref, lzcnt, ht, tsc, tscinvbit, bmi1, bmi2, adx

Memory: 4k page, physical 12417888k(1789504k free), swap 50166624k(23572k free)

vm_info: Java HotSpot(TM) 64-Bit Server VM (25.91-b15) for windows-amd64 JRE (1.8.0_91-b15), built on May 20 2016 17:43:15 by "java_re" with MS VC++ 10.0 (VS2010)

time: Sat Jan 28 14:27:22 2017
elapsed time: 3 seconds (0d 0h 0m 3s)

