#
# There is insufficient memory for the Java Runtime Environment to continue.
# Native memory allocation (malloc) failed to allocate 41808 bytes for Chunk::new
# Possible reasons:
#   The system is out of physical RAM or swap space
#   In 32 bit mode, the process size limit was hit
# Possible solutions:
#   Reduce memory load on the system
#   Increase physical memory or swap space
#   Check if swap backing store is full
#   Use 64 bit Java on a 64 bit OS
#   Decrease Java heap size (-Xmx/-Xms)
#   Decrease number of Java threads
#   Decrease Java thread stack sizes (-Xss)
#   Set larger code cache with -XX:ReservedCodeCacheSize=
# This output file may be truncated or incomplete.
#
#  Out of Memory Error (allocation.cpp:390), pid=19788, tid=20864
#
# JRE version: Java(TM) SE Runtime Environment (8.0_91-b15) (build 1.8.0_91-b15)
# Java VM: Java HotSpot(TM) 64-Bit Server VM (25.91-b15 mixed mode windows-amd64 compressed oops)
# Failed to write core dump. Minidumps are not enabled by default on client versions of Windows
#

---------------  T H R E A D  ---------------

Current thread (0x0000000002af0800):  JavaThread "main" [_thread_in_native, id=20864, stack(0x00000000029c0000,0x0000000002ac0000)]

Stack: [0x00000000029c0000,0x0000000002ac0000]
[error occurred during error reporting (printing stack bounds), id 0xc0000005]

Native frames: (J=compiled Java code, j=interpreted, Vv=VM code, C=native code)

Java frames: (J=compiled Java code, j=interpreted, Vv=VM code)
j  sun.awt.PlatformFont.<init>(Ljava/lang/String;I)V+4
j  sun.awt.windows.WFontPeer.<init>(Ljava/lang/String;I)V+3
j  sun.awt.windows.WToolkit.getFontPeer(Ljava/lang/String;I)Ljava/awt/peer/FontPeer;+59
j  java.awt.Font.getPeer_NoClientCode()Ljava/awt/peer/FontPeer;+21
j  java.awt.Font.getPeer()Ljava/awt/peer/FontPeer;+1
v  ~StubRoutines::call_stub
j  sun.awt.windows.WComponentPeer._setFont(Ljava/awt/Font;)V+0
j  sun.awt.windows.WComponentPeer.setFont(Ljava/awt/Font;)V+7
j  sun.awt.windows.WWindowPeer.initialize()V+44
j  sun.awt.windows.WFramePeer.initialize()V+1
j  sun.awt.windows.WComponentPeer.<init>(Ljava/awt/Component;)V+83
j  sun.awt.windows.WCanvasPeer.<init>(Ljava/awt/Component;)V+2
j  sun.awt.windows.WPanelPeer.<init>(Ljava/awt/Component;)V+2
j  sun.awt.windows.WWindowPeer.<init>(Ljava/awt/Window;)V+2
j  sun.awt.windows.WFramePeer.<init>(Ljava/awt/Frame;)V+2
j  sun.awt.windows.WToolkit.createFrame(Ljava/awt/Frame;)Ljava/awt/peer/FramePeer;+5
j  java.awt.Frame.addNotify()V+20
j  java.awt.Window.show()V+8
j  java.awt.Component.show(Z)V+5
j  java.awt.Component.setVisible(Z)V+2
j  java.awt.Window.setVisible(Z)V+2
j  BookOfIllusions.createBook()V+5
j  BookOfIllusions.main([Ljava/lang/String;)V+9
v  ~StubRoutines::call_stub

---------------  P R O C E S S  ---------------

Java Threads: ( => current thread )
  0x000000001b82e000 JavaThread "AWT-EventQueue-0" [_thread_in_vm, id=22656, stack(0x000000001c060000,0x000000001c160000)]
  0x000000001b7fd800 JavaThread "AWT-Windows" daemon [_thread_in_native, id=5900, stack(0x000000001bea0000,0x000000001bfa0000)]
  0x000000001b7fa000 JavaThread "AWT-Shutdown" [_thread_blocked, id=17204, stack(0x000000001bda0000,0x000000001bea0000)]
  0x000000001b7f9000 JavaThread "Java2D Disposer" daemon [_thread_blocked, id=17068, stack(0x000000001bc60000,0x000000001bd60000)]
  0x000000001b436800 JavaThread "Service Thread" daemon [_thread_blocked, id=22188, stack(0x000000001b930000,0x000000001ba30000)]
  0x0000000019c4d800 JavaThread "C1 CompilerThread2" daemon [_thread_blocked, id=22144, stack(0x000000001b830000,0x000000001b930000)]
  0x0000000019c4a800 JavaThread "C2 CompilerThread1" daemon [_thread_blocked, id=22040, stack(0x000000001b330000,0x000000001b430000)]
  0x0000000019bed800 JavaThread "C2 CompilerThread0" daemon [_thread_blocked, id=21904, stack(0x000000001b230000,0x000000001b330000)]
  0x0000000019bec000 JavaThread "Attach Listener" daemon [_thread_blocked, id=21900, stack(0x000000001b130000,0x000000001b230000)]
  0x0000000019bea800 JavaThread "Signal Dispatcher" daemon [_thread_blocked, id=21896, stack(0x000000001b030000,0x000000001b130000)]
  0x0000000002beb000 JavaThread "Finalizer" daemon [_thread_blocked, id=21724, stack(0x000000001ae40000,0x000000001af40000)]
  0x0000000002bdf000 JavaThread "Reference Handler" daemon [_thread_blocked, id=21708, stack(0x000000001ad40000,0x000000001ae40000)]
=>0x0000000002af0800 JavaThread "main" [_thread_in_native, id=20864, stack(0x00000000029c0000,0x0000000002ac0000)]

Other Threads:
  0x0000000019bb7800 VMThread [stack: 0x000000001ac40000,0x000000001ad40000] [id=21456]
  0x000000001b443000 WatcherThread [stack: 0x000000001ba30000,0x000000001bb30000] [id=22276]

VM state:not at safepoint (normal execution)

VM Mutex/Monitor currently owned by a thread: None

Heap:
 PSYoungGen      total 56832K, used 5898K [0x0000000780d80000, 0x0000000784c80000, 0x00000007c0000000)
  eden space 49152K, 12% used [0x0000000780d80000,0x00000007813429b8,0x0000000783d80000)
  from space 7680K, 0% used [0x0000000784500000,0x0000000784500000,0x0000000784c80000)
  to   space 7680K, 0% used [0x0000000783d80000,0x0000000783d80000,0x0000000784500000)
 ParOldGen       total 130048K, used 0K [0x0000000702800000, 0x000000070a700000, 0x0000000780d80000)
  object space 130048K, 0% used [0x0000000702800000,0x0000000702800000,0x000000070a700000)
 Metaspace       used 7008K, capacity 7156K, committed 7424K, reserved 1056768K
  class space    used 839K, capacity 900K, committed 1024K, reserved 1048576K

Card table byte_map: [0x0000000011fb0000,0x00000000125a0000] byte_map_base: 0x000000000e79c000

Marking Bits: (ParMarkBitMap*) 0x000000006c7f2f70
 Begin Bits: [0x0000000012da0000, 0x0000000015d00000)
 End Bits:   [0x0000000015d00000, 0x0000000018c60000)

Polling page: 0x00000000010b0000

CodeCache: size=245760Kb used=1648Kb max_used=1651Kb free=244111Kb
 bounds [0x0000000002bf0000, 0x0000000002e60000, 0x0000000011bf0000]
 total_blobs=670 nmethods=287 adapters=296
 compilation: enabled

Compilation events (10 events):
Event: 3.387 Thread 0x0000000019c4d800 nmethod 283 0x0000000002d89a90 code [0x0000000002d89be0, 0x0000000002d89cf0]
Event: 3.387 Thread 0x0000000019c4d800  284       3       java.util.Arrays::binarySearch0 (95 bytes)
Event: 3.387 Thread 0x0000000019bed800 nmethod 281 0x0000000002d8ca50 code [0x0000000002d8cba0, 0x0000000002d8cc98]
Event: 3.388 Thread 0x0000000019c4d800 nmethod 284 0x0000000002d8c250 code [0x0000000002d8c3e0, 0x0000000002d8c818]
Event: 3.388 Thread 0x0000000019c4d800  285       3       sun.java2d.loops.GraphicsPrimitiveMgr::locate (104 bytes)
Event: 3.388 Thread 0x0000000019c4d800 nmethod 285 0x0000000002d8b2d0 code [0x0000000002d8b4c0, 0x0000000002d8bef8]
Event: 3.388 Thread 0x0000000019c4d800  286       3       java.util.Arrays::binarySearch (10 bytes)
Event: 3.388 Thread 0x0000000019c4d800 nmethod 286 0x0000000002d8af10 code [0x0000000002d8b080, 0x0000000002d8b208]
Event: 3.388 Thread 0x0000000019c4d800  287       1       sun.java2d.loops.SurfaceType::getSuperType (5 bytes)
Event: 3.388 Thread 0x0000000019c4d800 nmethod 287 0x0000000002d8ac50 code [0x0000000002d8ada0, 0x0000000002d8aeb0]

GC Heap History (0 events):
No events

Deoptimization events (0 events):
No events

Internal exceptions (10 events):
Event: 0.639 Thread 0x0000000002af0800 Exception <a 'java/lang/NoSuchMethodError': Method sun.misc.Unsafe.defineClass(Ljava/lang/String;[BII)Ljava/lang/Class; name or signature does not match> (0x0000000780d87cc0) thrown at [C:\re\workspace\8-2-build-windows-amd64-cygwin\jdk8u91\7017\hotspot\sr!òÅ‘t‰?
Event: 0.639 Thread 0x0000000002af0800 Exception <a 'java/lang/NoSuchMethodError': Method sun.misc.Unsafe.prefetchRead(Ljava/lang/Object;J)V name or signature does not match> (0x0000000780d87fa8) thrown at [C:\re\workspace\8-2-build-windows-amd64-cygwin\jdk8u91\7017\hotspot\src\share\vm\prims\jF®†.a¯?
Event: 1.501 Thread 0x0000000002af0800 Exception <a 'java/security/PrivilegedActionException'> (0x0000000780e0ac40) thrown at [C:\re\workspace\8-2-build-windows-amd64-cygwin\jdk8u91\7017\hotspot\src\share\vm\prims\jvm.cpp, line 1386]
Event: 1.501 Thread 0x0000000002af0800 Exception <a 'java/security/PrivilegedActionException'> (0x0000000780e0ae50) thrown at [C:\re\workspace\8-2-build-windows-amd64-cygwin\jdk8u91\7017\hotspot\src\share\vm\prims\jvm.cpp, line 1386]
Event: 1.502 Thread 0x0000000002af0800 Exception <a 'java/security/PrivilegedActionException'> (0x0000000780e0e9f8) thrown at [C:\re\workspace\8-2-build-windows-amd64-cygwin\jdk8u91\7017\hotspot\src\share\vm\prims\jvm.cpp, line 1386]
Event: 1.502 Thread 0x0000000002af0800 Exception <a 'java/security/PrivilegedActionException'> (0x0000000780e0ec08) thrown at [C:\re\workspace\8-2-build-windows-amd64-cygwin\jdk8u91\7017\hotspot\src\share\vm\prims\jvm.cpp, line 1386]
Event: 1.606 Thread 0x0000000002af0800 Exception <a 'java/io/FileNotFoundException'> (0x0000000780e111c0) thrown at [C:\re\workspace\8-2-build-windows-amd64-cygwin\jdk8u91\7017\hotspot\src\share\vm\prims\jni.cpp, line 709]
Event: 1.708 Thread 0x0000000002af0800 Exception <a 'java/lang/NoSuchFieldError': method resolution failed> (0x0000000780fd5088) thrown at [C:\re\workspace\8-2-build-windows-amd64-cygwin\jdk8u91\7017\hotspot\src\share\vm\prims\methodHandles.cpp, line 1146]
Event: 1.710 Thread 0x0000000002af0800 Exception <a 'java/lang/NoSuchFieldError': method resolution failed> (0x0000000780fe2458) thrown at [C:\re\workspace\8-2-build-windows-amd64-cygwin\jdk8u91\7017\hotspot\src\share\vm\prims\methodHandles.cpp, line 1146]
Event: 2.774 Thread 0x0000000002af0800 Exception <a 'java/io/FileNotFoundException'> (0x0000000781076888) thrown at [C:\re\workspace\8-2-build-windows-amd64-cygwin\jdk8u91\7017\hotspot\src\share\vm\prims\jni.cpp, line 709]

Events (10 events):
Event: 3.391 loading class sun/awt/PlatformFont
Event: 3.391 loading class java/awt/peer/FontPeer
Event: 3.391 loading class java/awt/peer/FontPeer done
Event: 3.391 loading class sun/awt/PlatformFont done
Event: 3.391 loading class sun/awt/windows/WFontPeer done
Event: 3.391 loading class sun/awt/NativeLibLoader
Event: 3.391 loading class sun/awt/NativeLibLoader done
Event: 3.391 loading class sun/awt/NativeLibLoader$1
Event: 3.391 loading class sun/awt/NativeLibLoader$1 done
Event: 3.391 loading class sun/font/SunFontManager


Dynamic libraries:
0x00007ff612180000 - 0x00007ff6121b7000 	C:\Program Files\Java\jre1.8.0_91\bin\javaw.exe
0x00007ffac2440000 - 0x00007ffac2611000 	C:\WINDOWS\SYSTEM32\ntdll.dll
0x00007ffabfa70000 - 0x00007ffabfb1b000 	C:\WINDOWS\System32\KERNEL32.DLL
0x00007ffabe930000 - 0x00007ffabeb4d000 	C:\WINDOWS\System32\KERNELBASE.dll
0x00007ffac20e0000 - 0x00007ffac2182000 	C:\WINDOWS\System32\ADVAPI32.dll
0x00007ffac00e0000 - 0x00007ffac017e000 	C:\WINDOWS\System32\msvcrt.dll
0x00007ffac2190000 - 0x00007ffac21e9000 	C:\WINDOWS\System32\sechost.dll
0x00007ffabffb0000 - 0x00007ffac00d1000 	C:\WINDOWS\System32\RPCRT4.dll
0x00007ffac1a10000 - 0x00007ffac1b75000 	C:\WINDOWS\System32\USER32.dll
0x00007ffabeef0000 - 0x00007ffabef0e000 	C:\WINDOWS\System32\win32u.dll
0x00007ffac1690000 - 0x00007ffac16c4000 	C:\WINDOWS\System32\GDI32.dll
0x00007ffabebb0000 - 0x00007ffabed32000 	C:\WINDOWS\System32\gdi32full.dll
0x00007ffab8da0000 - 0x00007ffab9019000 	C:\WINDOWS\WinSxS\amd64_microsoft.windows.common-controls_6595b64144ccf1df_6.0.14393.447_none_42191651c6827bb3\COMCTL32.dll
0x00007ffabfb20000 - 0x00007ffabfde8000 	C:\WINDOWS\System32\combase.dll
0x00007ffabed40000 - 0x00007ffabee35000 	C:\WINDOWS\System32\ucrtbase.dll
0x00007ffabf960000 - 0x00007ffabf9ca000 	C:\WINDOWS\System32\bcryptPrimitives.dll
0x00007ffac16d0000 - 0x00007ffac16fe000 	C:\WINDOWS\System32\IMM32.DLL
0x000000006bc80000 - 0x000000006bd52000 	C:\Program Files\Java\jre1.8.0_91\bin\msvcr100.dll
0x000000006bfe0000 - 0x000000006c873000 	C:\Program Files\Java\jre1.8.0_91\bin\server\jvm.dll
0x00007ffac23a0000 - 0x00007ffac23a8000 	C:\WINDOWS\System32\PSAPI.DLL
0x00007ffabbde0000 - 0x00007ffabbde9000 	C:\WINDOWS\SYSTEM32\WSOCK32.dll
0x00007ffac23b0000 - 0x00007ffac241a000 	C:\WINDOWS\System32\WS2_32.dll
0x00007ffabc910000 - 0x00007ffabc933000 	C:\WINDOWS\SYSTEM32\WINMM.dll
0x00007ffaba180000 - 0x00007ffaba18a000 	C:\WINDOWS\SYSTEM32\VERSION.dll
0x00007ffabc8e0000 - 0x00007ffabc90b000 	C:\WINDOWS\SYSTEM32\WINMMBASE.dll
0x00007ffabf190000 - 0x00007ffabf1d2000 	C:\WINDOWS\System32\cfgmgr32.dll
0x000000006bfd0000 - 0x000000006bfdf000 	C:\Program Files\Java\jre1.8.0_91\bin\verify.dll
0x000000006bfa0000 - 0x000000006bfc9000 	C:\Program Files\Java\jre1.8.0_91\bin\java.dll
0x000000006bf80000 - 0x000000006bf96000 	C:\Program Files\Java\jre1.8.0_91\bin\zip.dll
0x00007ffac0180000 - 0x00007ffac1689000 	C:\WINDOWS\System32\SHELL32.dll
0x00007ffabf1e0000 - 0x00007ffabf8ba000 	C:\WINDOWS\System32\windows.storage.dll
0x00007ffabe8b0000 - 0x00007ffabe8fc000 	C:\WINDOWS\System32\powrprof.dll
0x00007ffac1fb0000 - 0x00007ffac2002000 	C:\WINDOWS\System32\shlwapi.dll
0x00007ffabe8a0000 - 0x00007ffabe8af000 	C:\WINDOWS\System32\kernel.appcore.dll
0x00007ffabee40000 - 0x00007ffabeee9000 	C:\WINDOWS\System32\shcore.dll
0x00007ffabe900000 - 0x00007ffabe914000 	C:\WINDOWS\System32\profapi.dll
0x000000006bae0000 - 0x000000006bc78000 	C:\Program Files\Java\jre1.8.0_91\bin\awt.dll
0x00007ffabfdf0000 - 0x00007ffabfeaf000 	C:\WINDOWS\System32\OLEAUT32.dll
0x00007ffabf8c0000 - 0x00007ffabf95c000 	C:\WINDOWS\System32\msvcp_win.dll
0x00007ffabce50000 - 0x00007ffabceca000 	C:\WINDOWS\SYSTEM32\apphelp.dll
0x00007ffabb4f0000 - 0x00007ffabb516000 	C:\WINDOWS\system32\DWMAPI.DLL
0x00007ffabd030000 - 0x00007ffabd0c5000 	C:\WINDOWS\system32\uxtheme.dll
0x00007ffac1700000 - 0x00007ffac185b000 	C:\WINDOWS\System32\MSCTF.dll
0x00007ffaa9bf0000 - 0x00007ffaa9c88000 	C:\Program Files\Common Files\microsoft shared\ink\tiptsf.dll
0x00007ffac1860000 - 0x00007ffac1997000 	C:\WINDOWS\System32\ole32.dll

VM Arguments:
jvm_args: -Dfile.encoding=Cp1252 
java_command: BookOfIllusions
java_class_path (initial): C:\Users\Gavin Morris\workspace\Level 1\bin;C:\Users\Gavin Morris\Downloads\Tortoise.jar;C:\Users\Gavin Morris\Downloads\robot.jar
Launcher Type: SUN_STANDARD

Environment Variables:
PATH=C:/Program Files/Java/jre1.8.0_91/bin/server;C:/Program Files/Java/jre1.8.0_91/bin;C:/Program Files/Java/jre1.8.0_91/lib/amd64;C:\ProgramData\Oracle\Java\javapath;C:\Program Files (x86)\Intel\iCLS Client\;C:\Program Files\Intel\iCLS Client\;C:\windows\system32;C:\windows;C:\windows\System32\Wbem;C:\windows\System32\WindowsPowerShell\v1.0\;C:\Program Files (x86)\Intel\Intel(R) Management Engine Components\DAL;C:\Program Files\Intel\Intel(R) Management Engine Components\DAL;C:\Program Files (x86)\Intel\Intel(R) Management Engine Components\IPT;C:\Program Files\Intel\Intel(R) Management Engine Components\IPT;C:\Program Files (x86)\NVIDIA Corporation\PhysX\Common;C:\Program Files\Intel\IntelSGXPSW\bin\x64\Release\;C:\Program Files\Intel\IntelSGXPSW\bin\win32\Release\;C:\WINDOWS\system32;C:\WINDOWS;C:\WINDOWS\System32\Wbem;C:\WINDOWS\System32\WindowsPowerShell\v1.0\;C:\Program Files (x86)\QuickTime\QTSystem\;C:\Program Files\Intel\WiFi\bin\;C:\Program Files\Common Files\Intel\WirelessCommon\;C:\Users\Gavin Morris\AppData\Local\Microsoft\WindowsApps;;C:\Users\Gavin Morris\Downloads\eclipse-java-mars-R-win32-x86_64\eclipse;
USERNAME=Gavin Morris
OS=Windows_NT
PROCESSOR_IDENTIFIER=Intel64 Family 6 Model 78 Stepping 3, GenuineIntel



---------------  S Y S T E M  ---------------

OS: Windows 10.0 , 64 bit Build 14393 (10.0.14393.0)

CPU:total 4 (2 cores per cpu, 2 threads per core) family 6 model 78 stepping 3, cmov, cx8, fxsr, mmx, sse, sse2, sse3, ssse3, sse4.1, sse4.2, popcnt, avx, avx2, aes, clmul, erms, 3dnowpref, lzcnt, ht, tsc, tscinvbit, bmi1, bmi2, adx

Memory: 4k page, physical 12417888k(1840552k free), swap 50166624k(3620k free)

vm_info: Java HotSpot(TM) 64-Bit Server VM (25.91-b15) for windows-amd64 JRE (1.8.0_91-b15), built on May 20 2016 17:43:15 by "java_re" with MS VC++ 10.0 (VS2010)

time: Sat Jan 28 14:27:22 2017
elapsed time: 3 seconds (0d 0h 0m 3s)

